<?xml version="1.0" encoding="UTF-8"?>
<testng-results ignored="0" total="2" passed="2" failed="0" skipped="0">
  <reporter-output>
  </reporter-output>
  <suite started-at="2023-11-24T12:46:02 IST" name="Default suite" finished-at="2023-11-24T12:46:09 IST" duration-ms="6610">
    <groups>
      <group name="Chrome">
        <method signature="GroupTest.launchChrome()[pri:0, instance:com.spring.jdbc.SeleniumMAVEN.GroupTest@6a400542]" name="launchChrome" class="com.spring.jdbc.SeleniumMAVEN.GroupTest"/>
        <method signature="GroupTest.loginWithChrome()[pri:0, instance:com.spring.jdbc.SeleniumMAVEN.GroupTest@6a400542]" name="loginWithChrome" class="com.spring.jdbc.SeleniumMAVEN.GroupTest"/>
      </group> <!-- Chrome -->
    </groups>
    <test started-at="2023-11-24T12:46:02 IST" name="Default test" finished-at="2023-11-24T12:46:09 IST" duration-ms="6610">
      <class name="com.spring.jdbc.SeleniumMAVEN.GroupTest">
        <test-method signature="launchChrome()[pri:0, instance:com.spring.jdbc.SeleniumMAVEN.GroupTest@6a400542]" started-at="2023-11-24T12:46:02 IST" name="launchChrome" finished-at="2023-11-24T12:46:08 IST" duration-ms="6200" status="PASS">
          <reporter-output>
          </reporter-output>
        </test-method> <!-- launchChrome -->
        <test-method signature="loginWithChrome()[pri:0, instance:com.spring.jdbc.SeleniumMAVEN.GroupTest@6a400542]" started-at="2023-11-24T12:46:08 IST" name="loginWithChrome" finished-at="2023-11-24T12:46:09 IST" depends-on-methods="com.spring.jdbc.SeleniumMAVEN.GroupTest.launchChrome" duration-ms="350" status="PASS">
          <reporter-output>
          </reporter-output>
        </test-method> <!-- loginWithChrome -->
      </class> <!-- com.spring.jdbc.SeleniumMAVEN.GroupTest -->
    </test> <!-- Default test -->
  </suite> <!-- Default suite -->
</testng-results>
